2024-02-26 09:58:07,506 - INFO - Retrieving today's flight list...
2024-02-26 09:58:07,521 - INFO - Flight list successfully retrieved.
2024-02-26 09:58:07,523 - INFO - Initiating delay predictions for today's flights...
2024-02-26 09:58:09,569 - ERROR - Error occurred during daily predictions: HTTPConnectionPool(host='127.0.0.1', port=8000): Max retries exceeded with url: /daily/predict (Caused by NewConnectionError('<urllib3.connection.HTTPConnection object at 0x00000265B02764E0>: Failed to establish a new connection: [WinError 10061] Aucune connexion n’a pu être établie car l’ordinateur cible l’a expressément refusée'))
2024-02-26 09:58:09,579 - INFO - Initiating model retraining...
2024-02-26 09:58:09,581 - INFO - Fetching historical data...
2024-02-26 09:58:10,315 - INFO - Fetching new daily data with real delays...
2024-02-26 09:58:10,317 - INFO - Fetching predicted data from yesterday...
2024-02-26 09:58:10,319 - INFO - Merging data for comparing...
2024-02-26 09:58:10,340 - INFO - Training the model...
2024-02-26 09:59:07,990 - INFO - Saving the updated model...
2024-02-26 09:59:08,022 - INFO - Model update and retraining completed successfully
2024-02-26 09:59:08,022 - INFO - Appending new data to the historical dataset...
2024-02-26 09:59:08,048 - INFO - 
----------------------------------------

2024-02-26 09:59:10,074 - INFO - Retrieving today's flight list...
2024-02-26 09:59:10,097 - INFO - Flight list successfully retrieved.
2024-02-26 09:59:10,099 - INFO - Initiating delay predictions for today's flights...
2024-02-26 09:59:12,133 - ERROR - Error occurred during daily predictions: HTTPConnectionPool(host='127.0.0.1', port=8000): Max retries exceeded with url: /daily/predict (Caused by NewConnectionError('<urllib3.connection.HTTPConnection object at 0x00000265B166F440>: Failed to establish a new connection: [WinError 10061] Aucune connexion n’a pu être établie car l’ordinateur cible l’a expressément refusée'))
2024-02-26 10:00:08,167 - INFO - Initiating model retraining...
2024-02-26 10:00:08,168 - INFO - Fetching historical data...
2024-02-26 10:00:08,912 - INFO - Fetching new daily data with real delays...
2024-02-26 10:00:08,914 - INFO - Fetching predicted data from yesterday...
2024-02-26 10:00:08,916 - INFO - Merging data for comparing...
2024-02-26 10:00:08,938 - INFO - Training the model...
2024-02-26 10:01:05,022 - INFO - Saving the updated model...
2024-02-26 10:01:05,038 - INFO - Model update and retraining completed successfully
2024-02-26 10:01:05,038 - INFO - Appending new data to the historical dataset...
2024-02-26 10:01:05,057 - INFO - 
----------------------------------------

2024-02-26 10:01:06,092 - INFO - Retrieving today's flight list...
2024-02-26 10:01:06,098 - INFO - Flight list successfully retrieved.
2024-02-26 10:01:06,099 - INFO - Initiating delay predictions for today's flights...
2024-02-26 10:01:06,208 - INFO - Predictions successfully made.
2024-02-26 10:01:06,208 - INFO - ----------------------------------------
2024-02-26 10:02:05,243 - INFO - Initiating model retraining...
2024-02-26 10:02:05,243 - INFO - Fetching historical data...
2024-02-26 10:02:05,965 - INFO - Fetching new daily data with real delays...
2024-02-26 10:02:05,965 - INFO - Fetching predicted data from yesterday...
2024-02-26 10:02:05,980 - INFO - Merging data for comparing...
2024-02-26 10:02:05,986 - INFO - Training the model...
2024-02-26 10:03:00,808 - INFO - Saving the updated model...
2024-02-26 10:03:00,824 - INFO - Model update and retraining completed successfully
2024-02-26 10:03:00,824 - INFO - Appending new data to the historical dataset...
2024-02-26 10:03:00,851 - INFO - 
----------------------------------------

2024-02-26 10:03:01,879 - INFO - Retrieving today's flight list...
2024-02-26 10:03:01,879 - INFO - Flight list successfully retrieved.
2024-02-26 10:03:01,879 - INFO - Initiating delay predictions for today's flights...
2024-02-26 10:03:01,972 - INFO - Predictions successfully made.
2024-02-26 10:03:01,972 - INFO - ----------------------------------------
2024-02-26 10:04:01,022 - INFO - Initiating model retraining...
2024-02-26 10:04:01,025 - INFO - Fetching historical data...
2024-02-26 10:04:01,804 - INFO - Fetching new daily data with real delays...
2024-02-26 10:04:01,804 - INFO - Fetching predicted data from yesterday...
2024-02-26 10:04:01,804 - INFO - Merging data for comparing...
2024-02-26 10:04:01,829 - INFO - Training the model...
